<?xml version="1.0" encoding="UTF-8"?>
<!-- Generated by org.testng.reporters.JUnitReportReporter -->
<testsuite skipped="1" hostname="SANJEEV-PC" name="com.api.testcases.tc2_post" tests="1" failures="0" timestamp="2020-05-17T21:52:47 IST" time="0.000" errors="0">
  <testcase name="b" time="0.000" classname="com.api.testcases.tc2_post">
    <skipped/>
  </testcase> <!-- b -->
</testsuite> <!-- com.api.testcases.tc2_post -->
