<?xml version="1.0" encoding="UTF-8"?>
<!-- Generated by org.testng.reporters.JUnitReportReporter -->
<testsuite skipped="0" hostname="SANJEEV-PC" name="com.api.testcases.tc3_put" tests="5" failures="0" timestamp="2020-06-05T00:06:32 IST" time="3.355" errors="0">
  <testcase name="b" time="0.858" classname="com.api.testcases.tc3_put"/>
  <testcase name="b" time="0.718" classname="com.api.testcases.tc3_put"/>
  <testcase name="b" time="0.905" classname="com.api.testcases.tc3_put"/>
  <testcase name="b" time="0.874" classname="com.api.testcases.tc3_put"/>
  <testcase name="g" time="0.000" classname="com.api.testcases.tc3_put"/>
</testsuite> <!-- com.api.testcases.tc3_put -->
