<?xml version="1.0" encoding="UTF-8"?>
<!-- Generated by org.testng.reporters.JUnitReportReporter -->
<testsuite skipped="0" hostname="SANJEEV-PC" name="com.api.dataprovider.data" tests="7" failures="0" timestamp="2020-05-17T19:42:06 IST" time="0.016" errors="0">
  <testcase name="a" time="0.016" classname="com.api.dataprovider.data"/>
  <testcase name="a" time="0.000" classname="com.api.dataprovider.data"/>
  <testcase name="a" time="0.000" classname="com.api.dataprovider.data"/>
  <testcase name="a" time="0.000" classname="com.api.dataprovider.data"/>
  <testcase name="a" time="0.000" classname="com.api.dataprovider.data"/>
  <testcase name="a" time="0.000" classname="com.api.dataprovider.data"/>
  <testcase name="a" time="0.000" classname="com.api.dataprovider.data"/>
</testsuite> <!-- com.api.dataprovider.data -->
