<?xml version="1.0" encoding="UTF-8"?>
<!-- Generated by org.testng.reporters.JUnitReportReporter -->
<testsuite skipped="0" hostname="SANJEEV-PC" name="com.api.bdd.bdd_GET" tests="4" failures="0" timestamp="2020-06-05T00:06:32 IST" time="1.092" errors="0">
  <testcase name="f" time="0.047" classname="com.api.bdd.bdd_GET"/>
  <testcase name="f" time="0.000" classname="com.api.bdd.bdd_GET"/>
  <testcase name="b" time="0.483" classname="com.api.bdd.bdd_GET"/>
  <testcase name="b" time="0.562" classname="com.api.bdd.bdd_GET"/>
</testsuite> <!-- com.api.bdd.bdd_GET -->
