<?xml version="1.0" encoding="UTF-8"?>
<!-- Generated by org.testng.reporters.JUnitReportReporter -->
<testsuite skipped="0" hostname="SANJEEV-PC" name="com.api.testcases.NewTest" tests="1" failures="0" timestamp="2020-05-17T21:55:57 IST" time="4.682" errors="0">
  <testcase name="b" time="4.682" classname="com.api.testcases.NewTest"/>
</testsuite> <!-- com.api.testcases.NewTest -->
