<?xml version="1.0" encoding="UTF-8"?>
<!-- Generated by org.testng.reporters.JUnitReportReporter -->
<testsuite skipped="0" hostname="SANJEEV-PC" name="com.api.testcases.tc2_post" tests="5" failures="0" timestamp="2020-06-05T00:06:32 IST" time="3.385" errors="0">
  <testcase name="g" time="0.000" classname="com.api.testcases.tc2_post"/>
  <testcase name="b" time="0.858" classname="com.api.testcases.tc2_post"/>
  <testcase name="b" time="0.889" classname="com.api.testcases.tc2_post"/>
  <testcase name="b" time="0.952" classname="com.api.testcases.tc2_post"/>
  <testcase name="b" time="0.686" classname="com.api.testcases.tc2_post"/>
</testsuite> <!-- com.api.testcases.tc2_post -->
