<?xml version="1.0" encoding="UTF-8"?>
<!-- Generated by org.testng.reporters.JUnitReportReporter -->
<testsuite skipped="0" hostname="SANJEEV-PC" name="com.api.testcases.tc4_delete" tests="1" failures="0" timestamp="2020-06-05T00:06:32 IST" time="0.000" errors="0">
  <testcase name="f" time="0.000" classname="com.api.testcases.tc4_delete"/>
</testsuite> <!-- com.api.testcases.tc4_delete -->
