<?xml version="1.0" encoding="UTF-8"?>
<!-- Generated by org.testng.reporters.JUnitReportReporter -->
<testsuite skipped="0" hostname="SANJEEV-PC" name="com.api.testcases.tc1_dummy" tests="1" failures="0" timestamp="2020-06-04T22:00:36 IST" time="4.743" errors="0">
  <testcase name="b" time="4.743" classname="com.api.testcases.tc1_dummy"/>
</testsuite> <!-- com.api.testcases.tc1_dummy -->
