<?xml version="1.0" encoding="UTF-8"?>
<!-- Generated by org.testng.reporters.JUnitReportReporter -->
<testsuite skipped="0" hostname="SANJEEV-PC" name="com.api.testcases.tc1_get" tests="4" failures="0" timestamp="2020-06-05T00:06:32 IST" time="6.475" errors="0">
  <testcase name="b" time="4.962" classname="com.api.testcases.tc1_get"/>
  <testcase name="f" time="0.000" classname="com.api.testcases.tc1_get"/>
  <testcase name="b" time="1.513" classname="com.api.testcases.tc1_get"/>
  <testcase name="f" time="0.000" classname="com.api.testcases.tc1_get"/>
</testsuite> <!-- com.api.testcases.tc1_get -->
